2025-03-29 17:43:12,206 - ERROR - url: http://tv.850930.xyz/kdsb.txt 爬取失败❌, Error: 522 Server Error:  for url: http://tv.850930.xyz/kdsb.txt
2025-03-29 17:43:50,973 - ERROR - url: http://tv.850930.xyz/kdsb2.txt 爬取失败❌, Error: 522 Server Error:  for url: http://tv.850930.xyz/kdsb2.txt
2025-03-29 17:44:30,100 - ERROR - url: http://tv.850930.xyz/gather.m3u 爬取失败❌, Error: 522 Server Error:  for url: http://tv.850930.xyz/gather.m3u
2025-03-29 17:44:30,419 - INFO - url: https://live.wqwqwq.sbs/tv.m3u 获取成功，判断为m3u格式
2025-03-29 17:44:30,420 - INFO - url: https://live.wqwqwq.sbs/tv.m3u 爬取成功✅，包含频道分类: 4K频道, 央视, 其他, 8K频道, 北京, 安徽, 卫视, 甘肃, 广东, 贵州, 海南, 河北, 河南, 黑龙江, 湖北, 湖南, 吉林, 江苏, 江西, 辽宁, 青海, 山东, 上海, 四川, 云南, 浙江, 重庆, NEWTV, IHOT, 咪咕体育
2025-03-29 17:45:00,022 - ERROR - url: https://lu.wqwqwq.sbs/tv.m3u 爬取失败❌, Error: Response ended prematurely
2025-03-29 17:45:00,084 - ERROR - url: https://4g.wqwqwq.sbs/iptv.m3u 爬取失败❌, Error: 530 Server Error:  for url: https://4g.wqwqwq.sbs/iptv.m3u
2025-03-29 17:45:00,193 - ERROR - url: https://tv.wqwqwq.sbs/iptv.m3u 爬取失败❌, Error: 521 Server Error: <none> for url: https://tv.wqwqwq.sbs/iptv.m3u
2025-03-29 17:45:00,336 - ERROR - url: https://www.mytvsuper.xyz/m3u/Live.m3u 爬取失败❌, Error: HTTPSConnectionPool(host='www.mytvsuper.xyz', port=443): Max retries exceeded with url: /m3u/Live.m3u (Caused by SSLError(SSLCertVerificationError(1, "[SSL: CERTIFICATE_VERIFY_FAILED] certificate verify failed: Hostname mismatch, certificate is not valid for 'www.mytvsuper.xyz'. (_ssl.c:1007)")))
2025-03-29 17:45:00,973 - INFO - url: https://live.hacks.tools/tv/ipv4/categories/央视频道.m3u 获取成功，判断为m3u格式
2025-03-29 17:45:00,974 - INFO - url: https://live.hacks.tools/tv/ipv4/categories/央视频道.m3u 爬取成功✅，包含频道分类: 央视频道
2025-03-29 17:45:01,220 - INFO - url: https://live.hacks.tools/tv/ipv4/categories/地方频道.m3u 获取成功，判断为m3u格式
2025-03-29 17:45:01,221 - INFO - url: https://live.hacks.tools/tv/ipv4/categories/地方频道.m3u 爬取成功✅，包含频道分类: 地方频道
2025-03-29 17:45:01,544 - INFO - url: https://live.hacks.tools/tv/ipv4/categories/卫视频道.m3u 获取成功，判断为m3u格式
2025-03-29 17:45:01,544 - INFO - url: https://live.hacks.tools/tv/ipv4/categories/卫视频道.m3u 爬取成功✅，包含频道分类: 卫视频道
2025-03-29 17:45:01,854 - INFO - url: https://live.hacks.tools/iptv/languages/zho.m3u 获取成功，判断为m3u格式
2025-03-29 17:45:01,855 - INFO - url: https://live.hacks.tools/iptv/languages/zho.m3u 爬取成功✅，包含频道分类: Religious, Undefined, Animation;Kids, Kids, Education;Science, General, Business, Entertainment, Sports, Movies, Education, Culture, Documentary, Music, Lifestyle, News, Education;Outdoor, Comedy, Outdoor, General" http-referrer="https://rtm-player.glueapi.io/, Kids;Lifestyle, Culture;Education, General;News, Shop, Family, Science
2025-03-29 17:45:07,002 - ERROR - url: https://tv.ccsource.us.kg/live.txt 爬取失败❌, Error: HTTPSConnectionPool(host='tv.ccsource.us.kg', port=443): Max retries exceeded with url: /live.txt (Caused by NameResolutionError("<urllib3.connection.HTTPSConnection object at 0x7f0ca627b250>: Failed to resolve 'tv.ccsource.us.kg' ([Errno -2] Name or service not known)"))
2025-03-29 17:45:07,013 - INFO - url: https://raw.githubusercontent.com/zwc456baby/iptv_alive/master/live.txt 获取成功，判断为txt格式
2025-03-29 17:45:07,014 - INFO - url: https://raw.githubusercontent.com/zwc456baby/iptv_alive/master/live.txt 爬取成功✅，包含频道分类: 综合, 小地方, IPV6, CCTV, 卫视, 精品, CCTV-Live, 地方台, 斗鱼电影, 海外(已隐藏), 测试
2025-03-29 17:45:07,028 - INFO - url: https://raw.githubusercontent.com/redrainl/iptv/main/speedtest/zubo_fofa.txt 获取成功，判断为txt格式
2025-03-29 17:45:07,045 - INFO - url: https://raw.githubusercontent.com/redrainl/iptv/main/speedtest/zubo_fofa.txt 爬取成功✅，包含频道分类: 上海电信, 江苏, 北京联通, 天津联通, 河南电信, 山西电信, 广东电信, 四川电信, 浙江电信, 湖北电信, 福建电信, 湖南电信, 甘肃电信, 河北联通
2025-03-29 17:45:07,054 - ERROR - url: https://raw.githubusercontent.com/Guovin/TV/gd/result.txt 爬取失败❌, Error: 404 Client Error: Not Found for url: https://raw.githubusercontent.com/Guovin/TV/gd/result.txt
2025-03-29 17:45:07,063 - INFO - url: https://raw.githubusercontent.com/pxiptv/live/main/iptv.txt 获取成功，判断为txt格式
2025-03-29 17:45:07,066 - INFO - url: https://raw.githubusercontent.com/pxiptv/live/main/iptv.txt 爬取成功✅，包含频道分类: 🇨🇳央视频道🇨🇳, 🛰️卫视频道🛰️, 🇭🇰港澳台🇭🇰, 🏆咪咕体育🏆, 🥝精品频道🥝, 🤩3D频道🤩
2025-03-29 17:45:07,075 - ERROR - url: https://raw.githubusercontent.com/n3rddd/MemoryCollection-IPTV/refs/heads/main/itvlist.m3u 爬取失败❌, Error: 404 Client Error: Not Found for url: https://raw.githubusercontent.com/n3rddd/MemoryCollection-IPTV/refs/heads/main/itvlist.m3u
2025-03-29 17:45:07,491 - ERROR - url: https://4gtv.pendy.us.kg/myiptv.m3u 爬取失败❌, Error: HTTPSConnectionPool(host='4gtv.pendy.us.kg', port=443): Max retries exceeded with url: /myiptv.m3u (Caused by NameResolutionError("<urllib3.connection.HTTPSConnection object at 0x7f0ca61303a0>: Failed to resolve '4gtv.pendy.us.kg' ([Errno -2] Name or service not known)"))
2025-03-29 17:45:07,718 - INFO - url: https://aktv.top/live.m3u 获取成功，判断为m3u格式
2025-03-29 17:45:12,114 - INFO - url: https://gitcode.net/ygbh66/test/-/raw/master/oh.txt 获取成功，判断为txt格式
2025-03-29 17:45:12,124 - INFO - url: https://raw.githubusercontent.com/wwb521/live/main/tv.m3u 获取成功，判断为m3u格式
2025-03-29 17:45:12,125 - INFO - url: https://raw.githubusercontent.com/wwb521/live/main/tv.m3u 爬取成功✅，包含频道分类: 央视频道, 卫视频道
2025-03-29 17:45:12,132 - ERROR - url: https://raw.githubusercontent.com/kakaxi-1/IPTV/main/iptv.txt 爬取失败❌, Error: 404 Client Error: Not Found for url: https://raw.githubusercontent.com/kakaxi-1/IPTV/main/iptv.txt
2025-03-29 17:45:12,144 - INFO - url: https://raw.githubusercontent.com/SingerLan/live/refs/heads/main/jiexi.txt 获取成功，判断为txt格式
2025-03-29 17:45:12,148 - INFO - url: https://raw.githubusercontent.com/SingerLan/live/refs/heads/main/jiexi.txt 爬取成功✅，包含频道分类: 数字付费, 央视, 港台, 卫视, 电影电视, 广东, 北京, 浙江, 内蒙, 湖南, 江西, 上海
2025-03-29 17:45:12,505 - INFO - url: https://json.doube.eu.org/live/migu/Sub.php 获取成功，判断为m3u格式
2025-03-29 17:45:12,505 - INFO - url: https://json.doube.eu.org/live/migu/Sub.php 爬取成功✅，包含频道分类: 央视, 中央新影, CGTN, CHC, 卫视, 咪咕数字, 熊猫
2025-03-29 17:45:12,752 - ERROR - url: https://www.stream-link.org/stream-link.m3u 爬取失败❌, Error: 404 Client Error: Not Found for url: https://www.stream-link.org/stream-link.m3u
2025-03-29 17:45:12,761 - INFO - url: https://raw.githubusercontent.com/ssili126/tv/main/itvlist.txt 获取成功，判断为txt格式
2025-03-29 17:45:12,761 - INFO - url: https://raw.githubusercontent.com/ssili126/tv/main/itvlist.txt 爬取成功✅，包含频道分类: 央视频道, 卫视频道, 其他频道
2025-03-29 17:45:12,768 - INFO - url: https://raw.githubusercontent.com/joevess/IPTV/main/iptv.m3u8 获取成功，判断为txt格式
2025-03-29 17:45:12,790 - INFO - url: https://raw.githubusercontent.com/kimwang1978/collect-tv-txt/main/merged_output.txt 获取成功，判断为txt格式
2025-03-29 17:45:12,831 - INFO - url: https://raw.githubusercontent.com/kimwang1978/collect-tv-txt/main/merged_output.txt 爬取成功✅，包含频道分类: 更新时间, 💓专享源🅰️, 💓专享源🅱️, 💓专享央视, 💓专享卫视, 💓港澳台📶, 💓AKTV🚀📶, 💓台湾台📶, 💓电视剧🔁, 💓优质个源, 💓儿童专享, 💓咪咕直播, 🏀SPORTS⚽️, 🍹定制台☕️, 🍹定制P3P☕️, 💓英语频道, 💓4K(Test), 🌐央视频道, 📡卫视频道, 上海频道, 体育频道, 电影频道, 电视剧频道, 明星, 主题片, 港澳台, 国际台, 纪录片, 动画片, 戏曲频道, 综艺频道, 音乐频道, 游戏频道, ☘️湖南频道, ☘️湖北频道, ☘️广东频道, ☘️浙江频道, ☘️山东频道, ☘️江苏频道, ☘️安徽频道, ☘️海南频道, ☘️内蒙频道, ☘️辽宁频道, ☘️陕西频道, ☘️山西频道, ☘️云南频道, ☘️北京频道, ☘️重庆频道, ☘️福建频道, ☘️甘肃频道, ☘️广西频道, ☘️贵州频道, ☘️河北频道, ☘️河南频道, ☘️黑龙江频道, ☘️吉林频道, ☘️江西频道, ☘️宁夏频道, ☘️青海频道, ☘️四川频道, ☘️天津频道, ☘️新疆频道, 解说频道, 春晚, 直播中国, MTV, 收音机频道, ❤️以家人之名
2025-03-29 17:45:12,844 - ERROR - url: http://kxrj.site:55/lib/kx2024.txt 爬取失败❌, Error: HTTPConnectionPool(host='kxrj.site', port=55): Max retries exceeded with url: /lib/kx2024.txt (Caused by NameResolutionError("<urllib3.connection.HTTPConnection object at 0x7f0ca6131bd0>: Failed to resolve 'kxrj.site' ([Errno -2] Name or service not known)"))
2025-03-29 17:45:12,852 - INFO - url: https://raw.githubusercontent.com/Love4vn/love4vn/main/Sport.m3u 获取成功，判断为m3u格式
2025-03-29 17:45:12,993 - ERROR - url: https://gitlab.com/tvkj/qxitv/-/raw/main/888.txt 爬取失败❌, Error: 404 Client Error: Not Found for url: https://gitlab.com/tvkj/qxitv/-/raw/main/888.txt
